[2019-05-24 09:52:25.788] [exthost] [info] extension host started
[2019-05-24 09:52:25.807] [exthost] [info] ExtensionService#_doActivateExtension vscode.debug-auto-launch {"startup":true,"activationEvent":"*"}
[2019-05-24 09:52:25.807] [exthost] [info] ExtensionService#loadCommonJSModule /opt/visual-studio-code/resources/app/extensions/debug-auto-launch/dist/extension
[2019-05-24 09:52:25.811] [exthost] [info] ExtensionService#_doActivateExtension vscode.emmet {"startup":true,"activationEvent":"*"}
[2019-05-24 09:52:25.811] [exthost] [info] ExtensionService#loadCommonJSModule /opt/visual-studio-code/resources/app/extensions/emmet/dist/extension
[2019-05-24 09:52:25.825] [exthost] [info] ExtensionService#_doActivateExtension vscode.git {"startup":true,"activationEvent":"*"}
[2019-05-24 09:52:25.825] [exthost] [info] ExtensionService#loadCommonJSModule /opt/visual-studio-code/resources/app/extensions/git/dist/main
[2019-05-24 09:52:25.905] [exthost] [info] ExtensionService#_doActivateExtension vscode.merge-conflict {"startup":true,"activationEvent":"*"}
[2019-05-24 09:52:25.905] [exthost] [info] ExtensionService#loadCommonJSModule /opt/visual-studio-code/resources/app/extensions/merge-conflict/dist/extension
[2019-05-24 09:52:25.911] [exthost] [info] ExtensionService#_doActivateExtension vscode-icons-team.vscode-icons {"startup":true,"activationEvent":"*"}
[2019-05-24 09:52:25.911] [exthost] [info] ExtensionService#loadCommonJSModule /home/willmckinnon/.vscode/extensions/vscode-icons-team.vscode-icons-8.6.0/out/src/
[2019-05-24 09:52:25.977] [exthost] [info] eager extensions activated
[2019-05-24 09:52:39.461] [exthost] [info] extension host started
[2019-05-24 09:52:39.478] [exthost] [info] ExtensionService#_doActivateExtension vscode.debug-auto-launch {"startup":true,"activationEvent":"*"}
[2019-05-24 09:52:39.478] [exthost] [info] ExtensionService#loadCommonJSModule /opt/visual-studio-code/resources/app/extensions/debug-auto-launch/dist/extension
[2019-05-24 09:52:39.481] [exthost] [info] ExtensionService#_doActivateExtension vscode.emmet {"startup":true,"activationEvent":"*"}
[2019-05-24 09:52:39.481] [exthost] [info] ExtensionService#loadCommonJSModule /opt/visual-studio-code/resources/app/extensions/emmet/dist/extension
[2019-05-24 09:52:39.498] [exthost] [info] ExtensionService#_doActivateExtension vscode.git {"startup":true,"activationEvent":"*"}
[2019-05-24 09:52:39.498] [exthost] [info] ExtensionService#loadCommonJSModule /opt/visual-studio-code/resources/app/extensions/git/dist/main
[2019-05-24 09:52:39.594] [exthost] [info] ExtensionService#_doActivateExtension vscode.merge-conflict {"startup":true,"activationEvent":"*"}
[2019-05-24 09:52:39.594] [exthost] [info] ExtensionService#loadCommonJSModule /opt/visual-studio-code/resources/app/extensions/merge-conflict/dist/extension
[2019-05-24 09:52:39.599] [exthost] [info] ExtensionService#_doActivateExtension vscode-icons-team.vscode-icons {"startup":true,"activationEvent":"*"}
[2019-05-24 09:52:39.599] [exthost] [info] ExtensionService#loadCommonJSModule /home/willmckinnon/.vscode/extensions/vscode-icons-team.vscode-icons-8.6.0/out/src/
[2019-05-24 09:52:39.663] [exthost] [info] eager extensions activated
