[2019-05-24 07:36:50.684] [sharedprocess] [info] main {"machineId":"01b23e14fbb8d5f21f3e274df32fbb6340b16ce3aa386ca17488bb596fe04990"}
[2019-05-24 07:36:50.753] [sharedprocess] [info] Scanned user extensions: 0
[2019-05-24 07:36:50.767] [sharedprocess] [info] Scanned user extensions: 0
[2019-05-24 07:36:50.809] [sharedprocess] [info] Scanned user extensions: 0
[2019-05-24 07:36:50.816] [sharedprocess] [info] Scanned user extensions: 0
[2019-05-24 07:36:50.903] [sharedprocess] [info] Scanned system extensions: 72
[2019-05-24 07:36:50.908] [sharedprocess] [info] Scanned system extensions: 72
[2019-05-24 07:36:50.910] [sharedprocess] [info] Scanned system extensions: 72
[2019-05-24 07:36:50.912] [sharedprocess] [info] Scanned system extensions: 72
[2019-05-24 07:36:50.928] [sharedprocess] [info] Scanned user extensions: 0
[2019-05-24 07:36:50.952] [sharedprocess] [info] Scanned system extensions: 72
[2019-05-24 07:36:51.518] [sharedprocess] [info] Scanned user extensions: 0
[2019-05-24 07:37:13.299] [sharedprocess] [info] Scanned user extensions: 0
[2019-05-24 07:37:13.303] [sharedprocess] [info] Scanned user extensions: 0
[2019-05-24 07:37:13.304] [sharedprocess] [info] Scanned user extensions: 0
[2019-05-24 07:37:13.317] [sharedprocess] [info] Scanned user extensions: 0
[2019-05-24 07:37:13.431] [sharedprocess] [info] Scanned system extensions: 72
[2019-05-24 07:37:13.436] [sharedprocess] [info] Scanned system extensions: 72
[2019-05-24 07:37:13.443] [sharedprocess] [info] Scanned system extensions: 72
[2019-05-24 07:37:13.472] [sharedprocess] [info] Scanned user extensions: 0
[2019-05-24 07:37:13.474] [sharedprocess] [info] Scanned user extensions: 0
[2019-05-24 07:37:13.492] [sharedprocess] [info] Scanned user extensions: 0
[2019-05-24 07:37:13.539] [sharedprocess] [info] Scanned system extensions: 72
[2019-05-24 07:37:13.543] [sharedprocess] [info] Scanned system extensions: 72
[2019-05-24 07:37:13.551] [sharedprocess] [info] Scanned system extensions: 72
[2019-05-24 07:37:23.739] [sharedprocess] [info] Installing extension: vscode-icons-team.vscode-icons
[2019-05-24 07:37:23.748] [sharedprocess] [info] Scanned user extensions: 0
[2019-05-24 07:37:29.673] [sharedprocess] [info] Downloaded extension: vscode-icons-team.vscode-icons /tmp/99da503f-0695-40c9-b300-6270020de94d
[2019-05-24 07:37:30.697] [sharedprocess] [info] Starting to clean up unused language packs.
[2019-05-24 07:37:33.687] [sharedprocess] [info] Extracted extension to /home/willmckinnon/.vscode/extensions/.vscode-icons-team.vscode-icons-8.6.0: vscode-icons-team.vscode-icons
[2019-05-24 07:37:33.687] [sharedprocess] [info] Renamed to /home/willmckinnon/.vscode/extensions/vscode-icons-team.vscode-icons-8.6.0
[2019-05-24 07:37:33.691] [sharedprocess] [info] Installation completed. vscode-icons-team.vscode-icons
[2019-05-24 07:37:33.713] [sharedprocess] [info] Extensions installed successfully: vscode-icons-team.vscode-icons
[2019-05-24 07:38:31.302] [sharedprocess] [info] Installing extension: visualstudioexptteam.vscodeintellicode
[2019-05-24 07:38:31.305] [sharedprocess] [info] Scanned user extensions: 1
[2019-05-24 07:38:34.287] [sharedprocess] [info] Downloaded extension: visualstudioexptteam.vscodeintellicode /tmp/da1da014-414a-4c72-9594-9f633d2d83b6
[2019-05-24 07:38:34.350] [sharedprocess] [info] Extracted extension to /home/willmckinnon/.vscode/extensions/.visualstudioexptteam.vscodeintellicode-1.1.6: visualstudioexptteam.vscodeintellicode
[2019-05-24 07:38:34.350] [sharedprocess] [info] Renamed to /home/willmckinnon/.vscode/extensions/visualstudioexptteam.vscodeintellicode-1.1.6
[2019-05-24 07:38:34.351] [sharedprocess] [info] Installation completed. visualstudioexptteam.vscodeintellicode
[2019-05-24 07:38:34.371] [sharedprocess] [info] Extensions installed successfully: visualstudioexptteam.vscodeintellicode
[2019-05-24 07:38:52.483] [sharedprocess] [info] Scanned user extensions: 2
[2019-05-24 07:41:52.121] [sharedprocess] [info] Scanned user extensions: 2
[2019-05-24 07:46:52.144] [sharedprocess] [info] Scanned user extensions: 2
